<?xml version="1.0" encoding="UTF-8"?>
<testsuite xmlns:xsi="http://www.w3.org/2001/XMLSchema-instance" xsi:noNamespaceSchemaLocation="https://maven.apache.org/surefire/maven-surefire-plugin/xsd/surefire-test-report.xsd" name="com.ibn.xinte.DemoApplicationTests" time="6.983" tests="1" errors="0" skipped="0" failures="0">
  <properties>
    <property name="sun.desktop" value="windows"/>
    <property name="awt.toolkit" value="sun.awt.windows.WToolkit"/>
    <property name="file.encoding.pkg" value="sun.io"/>
    <property name="java.specification.version" value="1.8"/>
    <property name="sun.cpu.isalist" value="amd64"/>
    <property name="sun.jnu.encoding" value="GBK"/>
    <property name="java.class.path" value="E:\mycode\java\xinte-mgt\target\test-classes;E:\mycode\java\xinte-mgt\target\classes;D:\maven\org\springframework\boot\spring-boot-starter-web\2.4.0\spring-boot-starter-web-2.4.0.jar;D:\maven\org\springframework\boot\spring-boot-starter\2.4.0\spring-boot-starter-2.4.0.jar;D:\maven\org\springframework\boot\spring-boot\2.4.0\spring-boot-2.4.0.jar;D:\maven\org\springframework\boot\spring-boot-autoconfigure\2.4.0\spring-boot-autoconfigure-2.4.0.jar;D:\maven\org\springframework\boot\spring-boot-starter-logging\2.4.0\spring-boot-starter-logging-2.4.0.jar;D:\maven\ch\qos\logback\logback-classic\1.2.3\logback-classic-1.2.3.jar;D:\maven\ch\qos\logback\logback-core\1.2.3\logback-core-1.2.3.jar;D:\maven\org\apache\logging\log4j\log4j-to-slf4j\2.13.3\log4j-to-slf4j-2.13.3.jar;D:\maven\org\apache\logging\log4j\log4j-api\2.13.3\log4j-api-2.13.3.jar;D:\maven\org\slf4j\jul-to-slf4j\1.7.30\jul-to-slf4j-1.7.30.jar;D:\maven\jakarta\annotation\jakarta.annotation-api\1.3.5\jakarta.annotation-api-1.3.5.jar;D:\maven\org\yaml\snakeyaml\1.27\snakeyaml-1.27.jar;D:\maven\org\springframework\boot\spring-boot-starter-json\2.4.0\spring-boot-starter-json-2.4.0.jar;D:\maven\com\fasterxml\jackson\datatype\jackson-datatype-jdk8\2.11.3\jackson-datatype-jdk8-2.11.3.jar;D:\maven\com\fasterxml\jackson\datatype\jackson-datatype-jsr310\2.11.3\jackson-datatype-jsr310-2.11.3.jar;D:\maven\com\fasterxml\jackson\module\jackson-module-parameter-names\2.11.3\jackson-module-parameter-names-2.11.3.jar;D:\maven\org\springframework\boot\spring-boot-starter-tomcat\2.4.0\spring-boot-starter-tomcat-2.4.0.jar;D:\maven\org\apache\tomcat\embed\tomcat-embed-core\9.0.39\tomcat-embed-core-9.0.39.jar;D:\maven\org\apache\tomcat\embed\tomcat-embed-websocket\9.0.39\tomcat-embed-websocket-9.0.39.jar;D:\maven\org\springframework\spring-web\5.3.1\spring-web-5.3.1.jar;D:\maven\org\springframework\spring-beans\5.3.1\spring-beans-5.3.1.jar;D:\maven\org\springframework\spring-webmvc\5.3.1\spring-webmvc-5.3.1.jar;D:\maven\org\springframework\spring-context\5.3.1\spring-context-5.3.1.jar;D:\maven\org\springframework\spring-expression\5.3.1\spring-expression-5.3.1.jar;D:\maven\org\mybatis\spring\boot\mybatis-spring-boot-starter\2.1.4\mybatis-spring-boot-starter-2.1.4.jar;D:\maven\org\springframework\boot\spring-boot-starter-jdbc\2.4.0\spring-boot-starter-jdbc-2.4.0.jar;D:\maven\com\zaxxer\HikariCP\3.4.5\HikariCP-3.4.5.jar;D:\maven\org\springframework\spring-jdbc\5.3.1\spring-jdbc-5.3.1.jar;D:\maven\org\springframework\spring-tx\5.3.1\spring-tx-5.3.1.jar;D:\maven\org\mybatis\spring\boot\mybatis-spring-boot-autoconfigure\2.1.4\mybatis-spring-boot-autoconfigure-2.1.4.jar;D:\maven\org\mybatis\mybatis\3.5.6\mybatis-3.5.6.jar;D:\maven\org\mybatis\mybatis-spring\2.0.6\mybatis-spring-2.0.6.jar;D:\maven\mysql\mysql-connector-java\8.0.22\mysql-connector-java-8.0.22.jar;D:\maven\org\projectlombok\lombok\1.18.16\lombok-1.18.16.jar;D:\maven\org\springframework\boot\spring-boot-starter-test\2.4.0\spring-boot-starter-test-2.4.0.jar;D:\maven\org\springframework\boot\spring-boot-test\2.4.0\spring-boot-test-2.4.0.jar;D:\maven\org\springframework\boot\spring-boot-test-autoconfigure\2.4.0\spring-boot-test-autoconfigure-2.4.0.jar;D:\maven\com\jayway\jsonpath\json-path\2.4.0\json-path-2.4.0.jar;D:\maven\net\minidev\json-smart\2.3\json-smart-2.3.jar;D:\maven\net\minidev\accessors-smart\1.2\accessors-smart-1.2.jar;D:\maven\org\ow2\asm\asm\5.0.4\asm-5.0.4.jar;D:\maven\jakarta\xml\bind\jakarta.xml.bind-api\2.3.3\jakarta.xml.bind-api-2.3.3.jar;D:\maven\jakarta\activation\jakarta.activation-api\1.2.2\jakarta.activation-api-1.2.2.jar;D:\maven\org\assertj\assertj-core\3.18.1\assertj-core-3.18.1.jar;D:\maven\org\hamcrest\hamcrest\2.2\hamcrest-2.2.jar;D:\maven\org\junit\jupiter\junit-jupiter\5.7.0\junit-jupiter-5.7.0.jar;D:\maven\org\junit\jupiter\junit-jupiter-api\5.7.0\junit-jupiter-api-5.7.0.jar;D:\maven\org\apiguardian\apiguardian-api\1.1.0\apiguardian-api-1.1.0.jar;D:\maven\org\opentest4j\opentest4j\1.2.0\opentest4j-1.2.0.jar;D:\maven\org\junit\platform\junit-platform-commons\1.7.0\junit-platform-commons-1.7.0.jar;D:\maven\org\junit\jupiter\junit-jupiter-params\5.7.0\junit-jupiter-params-5.7.0.jar;D:\maven\org\junit\jupiter\junit-jupiter-engine\5.7.0\junit-jupiter-engine-5.7.0.jar;D:\maven\org\junit\platform\junit-platform-engine\1.7.0\junit-platform-engine-1.7.0.jar;D:\maven\org\mockito\mockito-core\3.6.0\mockito-core-3.6.0.jar;D:\maven\net\bytebuddy\byte-buddy\1.10.18\byte-buddy-1.10.18.jar;D:\maven\net\bytebuddy\byte-buddy-agent\1.10.18\byte-buddy-agent-1.10.18.jar;D:\maven\org\objenesis\objenesis\3.1\objenesis-3.1.jar;D:\maven\org\mockito\mockito-junit-jupiter\3.6.0\mockito-junit-jupiter-3.6.0.jar;D:\maven\org\skyscreamer\jsonassert\1.5.0\jsonassert-1.5.0.jar;D:\maven\com\vaadin\external\google\android-json\0.0.20131108.vaadin1\android-json-0.0.20131108.vaadin1.jar;D:\maven\org\springframework\spring-core\5.3.1\spring-core-5.3.1.jar;D:\maven\org\springframework\spring-jcl\5.3.1\spring-jcl-5.3.1.jar;D:\maven\org\springframework\spring-test\5.3.1\spring-test-5.3.1.jar;D:\maven\org\xmlunit\xmlunit-core\2.7.0\xmlunit-core-2.7.0.jar;D:\maven\com\google\guava\guava\30.0-jre\guava-30.0-jre.jar;D:\maven\com\google\guava\failureaccess\1.0.1\failureaccess-1.0.1.jar;D:\maven\com\google\guava\listenablefuture\9999.0-empty-to-avoid-conflict-with-guava\listenablefuture-9999.0-empty-to-avoid-conflict-with-guava.jar;D:\maven\com\google\code\findbugs\jsr305\3.0.2\jsr305-3.0.2.jar;D:\maven\org\checkerframework\checker-qual\3.5.0\checker-qual-3.5.0.jar;D:\maven\com\google\errorprone\error_prone_annotations\2.3.4\error_prone_annotations-2.3.4.jar;D:\maven\com\google\j2objc\j2objc-annotations\1.3\j2objc-annotations-1.3.jar;D:\maven\com\alibaba\fastjson\1.2.68\fastjson-1.2.68.jar;D:\maven\com\alibaba\druid\1.2.3\druid-1.2.3.jar;D:\maven\io\springfox\springfox-swagger2\2.9.2\springfox-swagger2-2.9.2.jar;D:\maven\io\swagger\swagger-annotations\1.5.20\swagger-annotations-1.5.20.jar;D:\maven\io\swagger\swagger-models\1.5.20\swagger-models-1.5.20.jar;D:\maven\com\fasterxml\jackson\core\jackson-annotations\2.11.3\jackson-annotations-2.11.3.jar;D:\maven\io\springfox\springfox-spi\2.9.2\springfox-spi-2.9.2.jar;D:\maven\io\springfox\springfox-core\2.9.2\springfox-core-2.9.2.jar;D:\maven\io\springfox\springfox-schema\2.9.2\springfox-schema-2.9.2.jar;D:\maven\io\springfox\springfox-swagger-common\2.9.2\springfox-swagger-common-2.9.2.jar;D:\maven\io\springfox\springfox-spring-web\2.9.2\springfox-spring-web-2.9.2.jar;D:\maven\com\fasterxml\classmate\1.5.1\classmate-1.5.1.jar;D:\maven\org\slf4j\slf4j-api\1.7.30\slf4j-api-1.7.30.jar;D:\maven\org\springframework\plugin\spring-plugin-core\1.2.0.RELEASE\spring-plugin-core-1.2.0.RELEASE.jar;D:\maven\org\springframework\plugin\spring-plugin-metadata\1.2.0.RELEASE\spring-plugin-metadata-1.2.0.RELEASE.jar;D:\maven\org\mapstruct\mapstruct\1.2.0.Final\mapstruct-1.2.0.Final.jar;D:\maven\io\springfox\springfox-swagger-ui\2.9.2\springfox-swagger-ui-2.9.2.jar;D:\maven\com\github\xiaoymin\swagger-bootstrap-ui\1.8.7\swagger-bootstrap-ui-1.8.7.jar;D:\maven\org\springframework\boot\spring-boot-starter-validation\2.4.0\spring-boot-starter-validation-2.4.0.jar;D:\maven\org\glassfish\jakarta.el\3.0.3\jakarta.el-3.0.3.jar;D:\maven\org\hibernate\validator\hibernate-validator\6.1.6.Final\hibernate-validator-6.1.6.Final.jar;D:\maven\jakarta\validation\jakarta.validation-api\2.0.2\jakarta.validation-api-2.0.2.jar;D:\maven\org\jboss\logging\jboss-logging\3.4.1.Final\jboss-logging-3.4.1.Final.jar;D:\maven\io\jsonwebtoken\jjwt\0.6.0\jjwt-0.6.0.jar;D:\maven\com\fasterxml\jackson\core\jackson-databind\2.11.3\jackson-databind-2.11.3.jar;D:\maven\com\fasterxml\jackson\core\jackson-core\2.11.3\jackson-core-2.11.3.jar;D:\maven\com\github\pagehelper\pagehelper-spring-boot-starter\1.2.7\pagehelper-spring-boot-starter-1.2.7.jar;D:\maven\com\github\pagehelper\pagehelper-spring-boot-autoconfigure\1.2.7\pagehelper-spring-boot-autoconfigure-1.2.7.jar;D:\maven\com\github\pagehelper\pagehelper\5.1.6\pagehelper-5.1.6.jar;D:\maven\com\github\jsqlparser\jsqlparser\1.2\jsqlparser-1.2.jar;D:\maven\com\belerweb\pinyin4j\2.5.1\pinyin4j-2.5.1.jar;D:\maven\org\springframework\boot\spring-boot-starter-security\2.4.0\spring-boot-starter-security-2.4.0.jar;D:\maven\org\springframework\spring-aop\5.3.1\spring-aop-5.3.1.jar;D:\maven\org\springframework\security\spring-security-config\5.4.1\spring-security-config-5.4.1.jar;D:\maven\org\springframework\security\spring-security-core\5.4.1\spring-security-core-5.4.1.jar;D:\maven\org\springframework\security\spring-security-web\5.4.1\spring-security-web-5.4.1.jar;"/>
    <property name="java.vm.vendor" value="Oracle Corporation"/>
    <property name="sun.arch.data.model" value="64"/>
    <property name="user.variant" value=""/>
    <property name="java.vendor.url" value="http://java.oracle.com/"/>
    <property name="user.timezone" value="Asia/Shanghai"/>
    <property name="java.vm.specification.version" value="1.8"/>
    <property name="os.name" value="Windows 10"/>
    <property name="user.country" value="CN"/>
    <property name="sun.java.launcher" value="SUN_STANDARD"/>
    <property name="sun.boot.library.path" value="D:\Program Files\Java\jdk1.8.0_251\jre\bin"/>
    <property name="sun.java.command" value="C:\Users\ADMINI~1\AppData\Local\Temp\surefire6312190330432223503\surefirebooter6906573649753857196.jar C:\Users\Administer\AppData\Local\Temp\surefire6312190330432223503 2021-01-09T12-52-52_394-jvmRun1 surefire3736601622979217110tmp surefire_03947718133764153422tmp"/>
    <property name="surefire.test.class.path" value="E:\mycode\java\xinte-mgt\target\test-classes;E:\mycode\java\xinte-mgt\target\classes;D:\maven\org\springframework\boot\spring-boot-starter-web\2.4.0\spring-boot-starter-web-2.4.0.jar;D:\maven\org\springframework\boot\spring-boot-starter\2.4.0\spring-boot-starter-2.4.0.jar;D:\maven\org\springframework\boot\spring-boot\2.4.0\spring-boot-2.4.0.jar;D:\maven\org\springframework\boot\spring-boot-autoconfigure\2.4.0\spring-boot-autoconfigure-2.4.0.jar;D:\maven\org\springframework\boot\spring-boot-starter-logging\2.4.0\spring-boot-starter-logging-2.4.0.jar;D:\maven\ch\qos\logback\logback-classic\1.2.3\logback-classic-1.2.3.jar;D:\maven\ch\qos\logback\logback-core\1.2.3\logback-core-1.2.3.jar;D:\maven\org\apache\logging\log4j\log4j-to-slf4j\2.13.3\log4j-to-slf4j-2.13.3.jar;D:\maven\org\apache\logging\log4j\log4j-api\2.13.3\log4j-api-2.13.3.jar;D:\maven\org\slf4j\jul-to-slf4j\1.7.30\jul-to-slf4j-1.7.30.jar;D:\maven\jakarta\annotation\jakarta.annotation-api\1.3.5\jakarta.annotation-api-1.3.5.jar;D:\maven\org\yaml\snakeyaml\1.27\snakeyaml-1.27.jar;D:\maven\org\springframework\boot\spring-boot-starter-json\2.4.0\spring-boot-starter-json-2.4.0.jar;D:\maven\com\fasterxml\jackson\datatype\jackson-datatype-jdk8\2.11.3\jackson-datatype-jdk8-2.11.3.jar;D:\maven\com\fasterxml\jackson\datatype\jackson-datatype-jsr310\2.11.3\jackson-datatype-jsr310-2.11.3.jar;D:\maven\com\fasterxml\jackson\module\jackson-module-parameter-names\2.11.3\jackson-module-parameter-names-2.11.3.jar;D:\maven\org\springframework\boot\spring-boot-starter-tomcat\2.4.0\spring-boot-starter-tomcat-2.4.0.jar;D:\maven\org\apache\tomcat\embed\tomcat-embed-core\9.0.39\tomcat-embed-core-9.0.39.jar;D:\maven\org\apache\tomcat\embed\tomcat-embed-websocket\9.0.39\tomcat-embed-websocket-9.0.39.jar;D:\maven\org\springframework\spring-web\5.3.1\spring-web-5.3.1.jar;D:\maven\org\springframework\spring-beans\5.3.1\spring-beans-5.3.1.jar;D:\maven\org\springframework\spring-webmvc\5.3.1\spring-webmvc-5.3.1.jar;D:\maven\org\springframework\spring-context\5.3.1\spring-context-5.3.1.jar;D:\maven\org\springframework\spring-expression\5.3.1\spring-expression-5.3.1.jar;D:\maven\org\mybatis\spring\boot\mybatis-spring-boot-starter\2.1.4\mybatis-spring-boot-starter-2.1.4.jar;D:\maven\org\springframework\boot\spring-boot-starter-jdbc\2.4.0\spring-boot-starter-jdbc-2.4.0.jar;D:\maven\com\zaxxer\HikariCP\3.4.5\HikariCP-3.4.5.jar;D:\maven\org\springframework\spring-jdbc\5.3.1\spring-jdbc-5.3.1.jar;D:\maven\org\springframework\spring-tx\5.3.1\spring-tx-5.3.1.jar;D:\maven\org\mybatis\spring\boot\mybatis-spring-boot-autoconfigure\2.1.4\mybatis-spring-boot-autoconfigure-2.1.4.jar;D:\maven\org\mybatis\mybatis\3.5.6\mybatis-3.5.6.jar;D:\maven\org\mybatis\mybatis-spring\2.0.6\mybatis-spring-2.0.6.jar;D:\maven\mysql\mysql-connector-java\8.0.22\mysql-connector-java-8.0.22.jar;D:\maven\org\projectlombok\lombok\1.18.16\lombok-1.18.16.jar;D:\maven\org\springframework\boot\spring-boot-starter-test\2.4.0\spring-boot-starter-test-2.4.0.jar;D:\maven\org\springframework\boot\spring-boot-test\2.4.0\spring-boot-test-2.4.0.jar;D:\maven\org\springframework\boot\spring-boot-test-autoconfigure\2.4.0\spring-boot-test-autoconfigure-2.4.0.jar;D:\maven\com\jayway\jsonpath\json-path\2.4.0\json-path-2.4.0.jar;D:\maven\net\minidev\json-smart\2.3\json-smart-2.3.jar;D:\maven\net\minidev\accessors-smart\1.2\accessors-smart-1.2.jar;D:\maven\org\ow2\asm\asm\5.0.4\asm-5.0.4.jar;D:\maven\jakarta\xml\bind\jakarta.xml.bind-api\2.3.3\jakarta.xml.bind-api-2.3.3.jar;D:\maven\jakarta\activation\jakarta.activation-api\1.2.2\jakarta.activation-api-1.2.2.jar;D:\maven\org\assertj\assertj-core\3.18.1\assertj-core-3.18.1.jar;D:\maven\org\hamcrest\hamcrest\2.2\hamcrest-2.2.jar;D:\maven\org\junit\jupiter\junit-jupiter\5.7.0\junit-jupiter-5.7.0.jar;D:\maven\org\junit\jupiter\junit-jupiter-api\5.7.0\junit-jupiter-api-5.7.0.jar;D:\maven\org\apiguardian\apiguardian-api\1.1.0\apiguardian-api-1.1.0.jar;D:\maven\org\opentest4j\opentest4j\1.2.0\opentest4j-1.2.0.jar;D:\maven\org\junit\platform\junit-platform-commons\1.7.0\junit-platform-commons-1.7.0.jar;D:\maven\org\junit\jupiter\junit-jupiter-params\5.7.0\junit-jupiter-params-5.7.0.jar;D:\maven\org\junit\jupiter\junit-jupiter-engine\5.7.0\junit-jupiter-engine-5.7.0.jar;D:\maven\org\junit\platform\junit-platform-engine\1.7.0\junit-platform-engine-1.7.0.jar;D:\maven\org\mockito\mockito-core\3.6.0\mockito-core-3.6.0.jar;D:\maven\net\bytebuddy\byte-buddy\1.10.18\byte-buddy-1.10.18.jar;D:\maven\net\bytebuddy\byte-buddy-agent\1.10.18\byte-buddy-agent-1.10.18.jar;D:\maven\org\objenesis\objenesis\3.1\objenesis-3.1.jar;D:\maven\org\mockito\mockito-junit-jupiter\3.6.0\mockito-junit-jupiter-3.6.0.jar;D:\maven\org\skyscreamer\jsonassert\1.5.0\jsonassert-1.5.0.jar;D:\maven\com\vaadin\external\google\android-json\0.0.20131108.vaadin1\android-json-0.0.20131108.vaadin1.jar;D:\maven\org\springframework\spring-core\5.3.1\spring-core-5.3.1.jar;D:\maven\org\springframework\spring-jcl\5.3.1\spring-jcl-5.3.1.jar;D:\maven\org\springframework\spring-test\5.3.1\spring-test-5.3.1.jar;D:\maven\org\xmlunit\xmlunit-core\2.7.0\xmlunit-core-2.7.0.jar;D:\maven\com\google\guava\guava\30.0-jre\guava-30.0-jre.jar;D:\maven\com\google\guava\failureaccess\1.0.1\failureaccess-1.0.1.jar;D:\maven\com\google\guava\listenablefuture\9999.0-empty-to-avoid-conflict-with-guava\listenablefuture-9999.0-empty-to-avoid-conflict-with-guava.jar;D:\maven\com\google\code\findbugs\jsr305\3.0.2\jsr305-3.0.2.jar;D:\maven\org\checkerframework\checker-qual\3.5.0\checker-qual-3.5.0.jar;D:\maven\com\google\errorprone\error_prone_annotations\2.3.4\error_prone_annotations-2.3.4.jar;D:\maven\com\google\j2objc\j2objc-annotations\1.3\j2objc-annotations-1.3.jar;D:\maven\com\alibaba\fastjson\1.2.68\fastjson-1.2.68.jar;D:\maven\com\alibaba\druid\1.2.3\druid-1.2.3.jar;D:\maven\io\springfox\springfox-swagger2\2.9.2\springfox-swagger2-2.9.2.jar;D:\maven\io\swagger\swagger-annotations\1.5.20\swagger-annotations-1.5.20.jar;D:\maven\io\swagger\swagger-models\1.5.20\swagger-models-1.5.20.jar;D:\maven\com\fasterxml\jackson\core\jackson-annotations\2.11.3\jackson-annotations-2.11.3.jar;D:\maven\io\springfox\springfox-spi\2.9.2\springfox-spi-2.9.2.jar;D:\maven\io\springfox\springfox-core\2.9.2\springfox-core-2.9.2.jar;D:\maven\io\springfox\springfox-schema\2.9.2\springfox-schema-2.9.2.jar;D:\maven\io\springfox\springfox-swagger-common\2.9.2\springfox-swagger-common-2.9.2.jar;D:\maven\io\springfox\springfox-spring-web\2.9.2\springfox-spring-web-2.9.2.jar;D:\maven\com\fasterxml\classmate\1.5.1\classmate-1.5.1.jar;D:\maven\org\slf4j\slf4j-api\1.7.30\slf4j-api-1.7.30.jar;D:\maven\org\springframework\plugin\spring-plugin-core\1.2.0.RELEASE\spring-plugin-core-1.2.0.RELEASE.jar;D:\maven\org\springframework\plugin\spring-plugin-metadata\1.2.0.RELEASE\spring-plugin-metadata-1.2.0.RELEASE.jar;D:\maven\org\mapstruct\mapstruct\1.2.0.Final\mapstruct-1.2.0.Final.jar;D:\maven\io\springfox\springfox-swagger-ui\2.9.2\springfox-swagger-ui-2.9.2.jar;D:\maven\com\github\xiaoymin\swagger-bootstrap-ui\1.8.7\swagger-bootstrap-ui-1.8.7.jar;D:\maven\org\springframework\boot\spring-boot-starter-validation\2.4.0\spring-boot-starter-validation-2.4.0.jar;D:\maven\org\glassfish\jakarta.el\3.0.3\jakarta.el-3.0.3.jar;D:\maven\org\hibernate\validator\hibernate-validator\6.1.6.Final\hibernate-validator-6.1.6.Final.jar;D:\maven\jakarta\validation\jakarta.validation-api\2.0.2\jakarta.validation-api-2.0.2.jar;D:\maven\org\jboss\logging\jboss-logging\3.4.1.Final\jboss-logging-3.4.1.Final.jar;D:\maven\io\jsonwebtoken\jjwt\0.6.0\jjwt-0.6.0.jar;D:\maven\com\fasterxml\jackson\core\jackson-databind\2.11.3\jackson-databind-2.11.3.jar;D:\maven\com\fasterxml\jackson\core\jackson-core\2.11.3\jackson-core-2.11.3.jar;D:\maven\com\github\pagehelper\pagehelper-spring-boot-starter\1.2.7\pagehelper-spring-boot-starter-1.2.7.jar;D:\maven\com\github\pagehelper\pagehelper-spring-boot-autoconfigure\1.2.7\pagehelper-spring-boot-autoconfigure-1.2.7.jar;D:\maven\com\github\pagehelper\pagehelper\5.1.6\pagehelper-5.1.6.jar;D:\maven\com\github\jsqlparser\jsqlparser\1.2\jsqlparser-1.2.jar;D:\maven\com\belerweb\pinyin4j\2.5.1\pinyin4j-2.5.1.jar;D:\maven\org\springframework\boot\spring-boot-starter-security\2.4.0\spring-boot-starter-security-2.4.0.jar;D:\maven\org\springframework\spring-aop\5.3.1\spring-aop-5.3.1.jar;D:\maven\org\springframework\security\spring-security-config\5.4.1\spring-security-config-5.4.1.jar;D:\maven\org\springframework\security\spring-security-core\5.4.1\spring-security-core-5.4.1.jar;D:\maven\org\springframework\security\spring-security-web\5.4.1\spring-security-web-5.4.1.jar;"/>
    <property name="sun.cpu.endian" value="little"/>
    <property name="user.home" value="C:\Users\Administer"/>
    <property name="user.language" value="zh"/>
    <property name="java.specification.vendor" value="Oracle Corporation"/>
    <property name="java.home" value="D:\Program Files\Java\jdk1.8.0_251\jre"/>
    <property name="basedir" value="E:\mycode\java\xinte-mgt"/>
    <property name="file.separator" value="\"/>
    <property name="line.separator" value="&#10;"/>
    <property name="java.vm.specification.vendor" value="Oracle Corporation"/>
    <property name="java.specification.name" value="Java Platform API Specification"/>
    <property name="java.awt.graphicsenv" value="sun.awt.Win32GraphicsEnvironment"/>
    <property name="surefire.real.class.path" value="C:\Users\ADMINI~1\AppData\Local\Temp\surefire6312190330432223503\surefirebooter6906573649753857196.jar"/>
    <property name="sun.boot.class.path" value="D:\Program Files\Java\jdk1.8.0_251\jre\lib\resources.jar;D:\Program Files\Java\jdk1.8.0_251\jre\lib\rt.jar;D:\Program Files\Java\jdk1.8.0_251\jre\lib\sunrsasign.jar;D:\Program Files\Java\jdk1.8.0_251\jre\lib\jsse.jar;D:\Program Files\Java\jdk1.8.0_251\jre\lib\jce.jar;D:\Program Files\Java\jdk1.8.0_251\jre\lib\charsets.jar;D:\Program Files\Java\jdk1.8.0_251\jre\lib\jfr.jar;D:\Program Files\Java\jdk1.8.0_251\jre\classes"/>
    <property name="user.script" value=""/>
    <property name="sun.management.compiler" value="HotSpot 64-Bit Tiered Compilers"/>
    <property name="java.runtime.version" value="1.8.0_251-b08"/>
    <property name="user.name" value="Administer"/>
    <property name="path.separator" value=";"/>
    <property name="os.version" value="10.0"/>
    <property name="java.endorsed.dirs" value="D:\Program Files\Java\jdk1.8.0_251\jre\lib\endorsed"/>
    <property name="java.runtime.name" value="Java(TM) SE Runtime Environment"/>
    <property name="file.encoding" value="GBK"/>
    <property name="java.vm.name" value="Java HotSpot(TM) 64-Bit Server VM"/>
    <property name="localRepository" value="D:\maven"/>
    <property name="java.vendor.url.bug" value="http://bugreport.sun.com/bugreport/"/>
    <property name="java.io.tmpdir" value="C:\Users\ADMINI~1\AppData\Local\Temp\"/>
    <property name="idea.version" value="2020.3"/>
    <property name="java.version" value="1.8.0_251"/>
    <property name="user.dir" value="E:\mycode\java\xinte-mgt"/>
    <property name="os.arch" value="amd64"/>
    <property name="java.vm.specification.name" value="Java Virtual Machine Specification"/>
    <property name="java.awt.printerjob" value="sun.awt.windows.WPrinterJob"/>
    <property name="sun.os.patch.level" value=""/>
    <property name="java.library.path" value="D:\Program Files\Java\jdk1.8.0_251\jre\bin;C:\Windows\Sun\Java\bin;C:\Windows\system32;C:\Windows;D:\Program Files (x86)\NetSarang\Xshell 6\;C:\Program Files (x86)\Common Files\Oracle\Java\javapath;C:\Windows\system32;C:\Windows;C:\Windows\System32\Wbem;C:\Windows\System32\WindowsPowerShell\v1.0\;C:\Windows\System32\OpenSSH\;D:\Program Files\Java\jdk1.8.0_251\bin;D:\Program Files\nodejs\;C:\Program Files\TortoiseSVN\bin;D:\Program Files\Git\cmd;C:\Program Files\dotnet\;C:\Program Files\EmEditor;D:\Program Files\apache-maven-3.6.3\bin;C:\Users\Administer\AppData\Local\Microsoft\WindowsApps;C:\Users\Administer\AppData\Roaming\npm;D:\Users\Administer\AppData\Local\Programs\Microsoft VS Code\bin;."/>
    <property name="java.vm.info" value="mixed mode"/>
    <property name="java.vendor" value="Oracle Corporation"/>
    <property name="java.vm.version" value="25.251-b08"/>
    <property name="java.ext.dirs" value="D:\Program Files\Java\jdk1.8.0_251\jre\lib\ext;C:\Windows\Sun\Java\lib\ext"/>
    <property name="sun.io.unicode.encoding" value="UnicodeLittle"/>
    <property name="java.class.version" value="52.0"/>
  </properties>
  <testcase name="contextLoads" classname="com.ibn.xinte.DemoApplicationTests" time="0.781"/>
</testsuite>